<?xml version="1.0" encoding="UTF-8"?>
<testsuite xmlns:xsi="http://www.w3.org/2001/XMLSchema-instance" xsi:noNamespaceSchemaLocation="https://maven.apache.org/surefire/maven-surefire-plugin/xsd/surefire-test-report.xsd" name="OrderTests" time="11.691" tests="5" errors="0" skipped="0" failures="0">
  <properties>
[...]
</properties>
  <testcase name="createOrderWithInvalidIngredientHashError" classname="OrderTests" time="3.657"/>
  <testcase name="createOrderWithoutAuthError" classname="OrderTests" time="0.203"/>
  <testcase name="createOrderWithoutIngredientsError" classname="OrderTests" time="0.873"/>
  <testcase name="createOrderWithIngredientsSuccess" classname="OrderTests" time="3.368"/>
  <testcase name="createOrderWithAuthSuccess" classname="OrderTests" time="3.483"/>
</testsuite>